[Licensing::Module] Trying to connect to existing licensing client channel...
Built from '6000.2/staging' branch; Version is '6000.2.2f1 (ea398eefe1c2) revision 15350158'; Using compiler version '194234433'; Build Type 'Release'
[Licensing::IpcConnector] Successfully connected to: "LicenseClient-basm" at "2025-08-31T05:45:40.263486Z"
OS: 'Windows 11  (10.0.26100) 64bit Professional' Language: 'en' Physical Memory: 65277 MB
BatchMode: 1, IsHumanControllingUs: 0, StartBugReporterOnCrash: 0, Is64bit: 1
Date: 2025-08-31T05:45:40Z

COMMAND LINE ARGUMENTS:
C:\Program Files\Unity\Hub\Editor\6000.2.2f1\Editor\Unity.exe
-adb2
-batchMode
-noUpm
-name
AssetImportWorker0
-projectPath
C:/Users/basm/Documents/Development/unity/Busywork
-logFile
Logs/AssetImportWorker0.log
-srvPort
50423
-licensingIpc
LicenseClient-basm
-job-worker-count
13
-background-job-worker-count
8
-gc-helper-count
1
-name
AssetImport
Successfully changed project path to: C:/Users/basm/Documents/Development/unity/Busywork
C:/Users/basm/Documents/Development/unity/Busywork
[UnityMemory] Configuration Parameters - Can be set up in boot.config
    "memorysetup-allocator-temp-initial-block-size-main=262144"
    "memorysetup-allocator-temp-initial-block-size-worker=262144"
    "memorysetup-bucket-allocator-granularity=16"
    "memorysetup-bucket-allocator-bucket-count=8"
    "memorysetup-bucket-allocator-block-size=33554432"
    "memorysetup-bucket-allocator-block-count=8"
    "memorysetup-main-allocator-block-size=16777216"
    "memorysetup-thread-allocator-block-size=16777216"
    "memorysetup-gfx-main-allocator-block-size=16777216"
    "memorysetup-gfx-thread-allocator-block-size=16777216"
    "memorysetup-cache-allocator-block-size=4194304"
    "memorysetup-typetree-allocator-block-size=2097152"
    "memorysetup-profiler-bucket-allocator-granularity=16"
    "memorysetup-profiler-bucket-allocator-bucket-count=8"
    "memorysetup-profiler-bucket-allocator-block-size=33554432"
    "memorysetup-profiler-bucket-allocator-block-count=8"
    "memorysetup-profiler-allocator-block-size=16777216"
    "memorysetup-profiler-editor-allocator-block-size=1048576"
    "memorysetup-temp-allocator-size-main=16777216"
    "memorysetup-job-temp-allocator-block-size=2097152"
    "memorysetup-job-temp-allocator-block-size-background=1048576"
    "memorysetup-job-temp-allocator-reduction-small-platforms=262144"
    "memorysetup-temp-allocator-size-background-worker=32768"
    "memorysetup-temp-allocator-size-job-worker=262144"
    "memorysetup-temp-allocator-size-preload-manager=33554432"
    "memorysetup-temp-allocator-size-nav-mesh-worker=65536"
    "memorysetup-temp-allocator-size-audio-worker=65536"
    "memorysetup-temp-allocator-size-cloud-worker=32768"
    "memorysetup-temp-allocator-size-gi-baking-worker=262144"
    "memorysetup-temp-allocator-size-gi-baking-worker=262144"
    "memorysetup-temp-allocator-size-gi-baking-worker=262144"
    "memorysetup-temp-allocator-size-gi-baking-worker=262144"
    "memorysetup-temp-allocator-size-gi-baking-worker=262144"
    "memorysetup-temp-allocator-size-gfx=262144"
Player connection [36088]  Target information:

Player connection [36088]  * "[IP] 192.168.2.1 [Port] 0 [Flags] 2 [Guid] 3015934594 [EditorId] 3015934594 [Version] 1048832 [Id] WindowsEditor(7,PC) [Debug] 1 [PackageName] WindowsEditor [ProjectName] Editor" 

Player connection [36088] Host joined multi-casting on [225.0.0.222:54997]...
Player connection [36088] Host joined alternative multi-casting on [225.0.0.222:34997]...
JobSystem: Creating JobQueue using job-worker-count value 13
Input System module state changed to: Initialized.
[Physics::Module] Initialized fallback backend.
[Physics::Module] Id: 0xdecafbad
[Licensing::Client] Code 10 while verifying Licensing Client signature (process Id: 27548, path: "C:/Program Files/Unity/Hub/Editor/6000.2.2f1/Editor/Data/Resources/Licensing/Client/Unity.Licensing.Client.exe")
[Licensing::Module] LicensingClient has failed validation; ignoring
[Licensing::Client] Handshaking with LicensingClient:
  Version:                 1.17.2+ff71f16
  Session Id:              49888ed5288a44d3904f3e48042ffffc
  Correlation Id:          771e5d4f5151f303fe093d9a680d3efd
  External correlation Id: 3405110168787179203
  Machine Id:              uxiQbLF8geESpm7kmaJnTxOAyBY=
[Licensing::Module] Successfully connected to LicensingClient on channel: "LicenseClient-basm" (connect: 0.00s, validation: 0.00s, handshake: 0.03s)
[Licensing::IpcConnector] Successfully connected to: "LicenseClient-basm-notifications" at "2025-08-31T05:45:40.2933183Z"
[Licensing::Module] Licensing Background thread has ended after 0.03s
Library Redirect Path: Library/
[Physics::Module] Selected backend.
[Physics::Module] Name: PhysX
[Physics::Module] Id: 0xf2b8ea05
[Physics::Module] SDK Version: 4.1.2
[Physics::Module] Integration Version: 1.0.0
[Physics::Module] Threading Mode: Multi-Threaded
Refreshing native plugins compatible for Editor in 4.18 ms, found 5 plugins.
Preloading 1 native plugins for Editor in 0.99 ms.
Initialize engine version: 6000.2.2f1 (ea398eefe1c2)
[Subsystems] Discovering subsystems at path C:/Program Files/Unity/Hub/Editor/6000.2.2f1/Editor/Data/Resources/UnitySubsystems
[Subsystems] Discovering subsystems at path C:/Users/basm/Documents/Development/unity/Busywork/Assets
GfxDevice: creating device client; kGfxThreadingModeNonThreaded
d3d12: failed to query info queue interface (0x80004002).
Direct3D:
    Version:         Direct3D 12 [level 12.1]
    Renderer:        NVIDIA GeForce RTX 4070 SUPER (ID=0x2783)
    Vendor:          NVIDIA
    VRAM:            11999 MB
    App VRAM Budget: 11231 MB
    Driver:          32.0.15.8088
Initialize mono
Mono path[0] = 'C:/Program Files/Unity/Hub/Editor/6000.2.2f1/Editor/Data/Managed'
Mono path[1] = 'C:/Program Files/Unity/Hub/Editor/6000.2.2f1/Editor/Data/MonoBleedingEdge/lib/mono/unityjit-win32'
Mono config path = 'C:/Program Files/Unity/Hub/Editor/6000.2.2f1/Editor/Data/MonoBleedingEdge/etc'
Using monoOptions --debugger-agent=transport=dt_socket,embedding=1,server=y,suspend=n,address=127.0.0.1:56772
Begin MonoManager ReloadAssembly
Registering precompiled unity dll's ...
Register platform support module: C:/Program Files/Unity/Hub/Editor/6000.2.2f1/Editor/Data/PlaybackEngines/WebGLSupport/UnityEditor.WebGL.Extensions.dll
Register platform support module: C:/Program Files/Unity/Hub/Editor/6000.2.2f1/Editor/Data/PlaybackEngines/WindowsStandaloneSupport/UnityEditor.WindowsStandalone.Extensions.dll
Registered in 0.003652 seconds.
- Loaded All Assemblies, in  0.312 seconds
Native extension for WindowsStandalone target not found
Native extension for WebGL target not found
Mono: successfully reloaded assembly
- Finished resetting the current domain, in  0.237 seconds
Domain Reload Profiling: 544ms
	BeginReloadAssembly (107ms)
		ExecutionOrderSort (0ms)
		DisableScriptedObjects (0ms)
		BackupInstance (0ms)
		ReleaseScriptingObjects (0ms)
		CreateAndSetChildDomain (1ms)
	RebuildCommonClasses (26ms)
	RebuildNativeTypeToScriptingClass (8ms)
	initialDomainReloadingComplete (42ms)
	LoadAllAssembliesAndSetupDomain (123ms)
		LoadAssemblies (102ms)
		RebuildTransferFunctionScriptingTraits (0ms)
		AnalyzeDomain (121ms)
			TypeCache.Refresh (120ms)
				TypeCache.ScanAssembly (109ms)
			BuildScriptInfoCaches (0ms)
			ResolveRequiredComponents (0ms)
	FinalizeReload (237ms)
		ReleaseScriptCaches (0ms)
		RebuildScriptCaches (0ms)
		SetupLoadedEditorAssemblies (206ms)
			LogAssemblyErrors (0ms)
			InitializePlatformSupportModulesInManaged (43ms)
			SetLoadedEditorAssemblies (3ms)
			BeforeProcessingInitializeOnLoad (41ms)
			ProcessInitializeOnLoadAttributes (86ms)
			ProcessInitializeOnLoadMethodAttributes (33ms)
			AfterProcessingInitializeOnLoad (0ms)
			EditorAssembliesLoaded (0ms)
		ExecutionOrderSort2 (0ms)
		AwakeInstancesAfterBackupRestoration (0ms)
========================================================================
Worker process is ready to serve import requests
Import Worker Mode flag is 0x00
Begin MonoManager ReloadAssembly
[Licensing::Client] Successfully resolved entitlement details
[Licensing::Module] License group:
  Id: 9071099825123-UnityPersXXXX
  Product: Unity Personal
  Type: Assigned
  Expiration: Unlimited
- Loaded All Assemblies, in  0.741 seconds
Refreshing native plugins compatible for Editor in 2.58 ms, found 5 plugins.
Native extension for WindowsStandalone target not found
Native extension for WebGL target not found
Package Manager log level set to [2]
[Package Manager] Failed to launch server process. Reason: Unity was launched with the -noUpm command-line argument
[Package Manager] Unable to send message (not connected to server process).
[Package Manager] Cannot connect to Unity Package Manager local server
Mono: successfully reloaded assembly
- Finished resetting the current domain, in  0.573 seconds
Domain Reload Profiling: 1305ms
	BeginReloadAssembly (155ms)
		ExecutionOrderSort (0ms)
		DisableScriptedObjects (4ms)
		BackupInstance (0ms)
		ReleaseScriptingObjects (0ms)
		CreateAndSetChildDomain (22ms)
	RebuildCommonClasses (26ms)
	RebuildNativeTypeToScriptingClass (8ms)
	initialDomainReloadingComplete (37ms)
	LoadAllAssembliesAndSetupDomain (505ms)
		LoadAssemblies (403ms)
		RebuildTransferFunctionScriptingTraits (0ms)
		AnalyzeDomain (194ms)
			TypeCache.Refresh (143ms)
				TypeCache.ScanAssembly (132ms)
			BuildScriptInfoCaches (41ms)
			ResolveRequiredComponents (7ms)
	FinalizeReload (574ms)
		ReleaseScriptCaches (0ms)
		RebuildScriptCaches (0ms)
		SetupLoadedEditorAssemblies (471ms)
			LogAssemblyErrors (0ms)
			InitializePlatformSupportModulesInManaged (2ms)
			SetLoadedEditorAssemblies (4ms)
			BeforeProcessingInitializeOnLoad (115ms)
			ProcessInitializeOnLoadAttributes (258ms)
			ProcessInitializeOnLoadMethodAttributes (81ms)
			AfterProcessingInitializeOnLoad (11ms)
			EditorAssembliesLoaded (0ms)
		ExecutionOrderSort2 (0ms)
		AwakeInstancesAfterBackupRestoration (5ms)
Launched and connected shader compiler UnityShaderCompiler.exe after 0.01 seconds
Refreshing native plugins compatible for Editor in 2.68 ms, found 5 plugins.
Preloading 1 native plugins for Editor in 0.13 ms.
Unloading 37 Unused Serialized files (Serialized files now loaded: 0)
Unloading 6774 unused Assets / (6.6 MB). Loaded Objects now: 7444.
Memory consumption went from 149.2 MB to 142.5 MB.
Total: 7.130400 ms (FindLiveObjects: 0.493000 ms CreateObjectMapping: 0.348200 ms MarkObjects: 3.254300 ms  DeleteObjects: 3.034400 ms)

========================================================================
Received Import Request.
  Time since last request: 225397.619913 seconds.
  path: Assets/Scenes/Screens/Office/RoomBase.cs
  artifactKey: Guid(6ba4aabee25f3e548bffe2513058db1a) Importer(815301076,1909f56bfc062723c751e8b465ee728b)
Start importing Assets/Scenes/Screens/Office/RoomBase.cs using Guid(6ba4aabee25f3e548bffe2513058db1a) Importer(815301076,1909f56bfc062723c751e8b465ee728b) (PreviewImporter) -> (artifact id: 'b6db20fda936ffe196a9035fc6b62fd8') in 0.0046922 seconds
Number of updated asset objects reloaded before import = 0Number of asset objects unloaded after import = 0

========================================================================
Received Import Request.
  Time since last request: 0.000022 seconds.
  path: Assets/Scenes/Screens/Office/Room1.cs
  artifactKey: Guid(a035f9cb67569c843a6bfdcdd7817db2) Importer(815301076,1909f56bfc062723c751e8b465ee728b)
Start importing Assets/Scenes/Screens/Office/Room1.cs using Guid(a035f9cb67569c843a6bfdcdd7817db2) Importer(815301076,1909f56bfc062723c751e8b465ee728b) (PreviewImporter) -> (artifact id: 'ee3fbedd303c34d19267d3c689db0071') in 0.0005581 seconds
Number of updated asset objects reloaded before import = 0Number of asset objects unloaded after import = 0

========================================================================
Received Import Request.
  Time since last request: 74.723700 seconds.
  path: Assets/Scenes/Screens/Office/Left.prefab
  artifactKey: Guid(fcfd04143f27f0844a2503aac211f98b) Importer(815301076,1909f56bfc062723c751e8b465ee728b)
Start importing Assets/Scenes/Screens/Office/Left.prefab using Guid(fcfd04143f27f0844a2503aac211f98b) Importer(815301076,1909f56bfc062723c751e8b465ee728b) (PreviewImporter) -> (artifact id: '1a749a805624619b4ef12f15181ed8a7') in 0.0215281 seconds
Number of updated asset objects reloaded before import = 0Number of asset objects unloaded after import = 6

========================================================================
Received Import Request.
  Time since last request: 2.266296 seconds.
  path: Assets/Scenes/Screens/Office/Wall.prefab
  artifactKey: Guid(fcfd04143f27f0844a2503aac211f98b) Importer(815301076,1909f56bfc062723c751e8b465ee728b)
Start importing Assets/Scenes/Screens/Office/Wall.prefab using Guid(fcfd04143f27f0844a2503aac211f98b) Importer(815301076,1909f56bfc062723c751e8b465ee728b) (PreviewImporter) -> (artifact id: 'eafd98c48c3123f75b9920b3186f4562') in 0.001695 seconds
Number of updated asset objects reloaded before import = 0Number of asset objects unloaded after import = 6

========================================================================
Received Import Request.
  Time since last request: 20.723044 seconds.
  path: Assets/Scenes/Screens/Office/Wall.prefab
  artifactKey: Guid(fcfd04143f27f0844a2503aac211f98b) Importer(815301076,1909f56bfc062723c751e8b465ee728b)
Start importing Assets/Scenes/Screens/Office/Wall.prefab using Guid(fcfd04143f27f0844a2503aac211f98b) Importer(815301076,1909f56bfc062723c751e8b465ee728b) (PreviewImporter) -> (artifact id: '107bf214965a85cc0531747289596b95') in 0.0013375 seconds
Number of updated asset objects reloaded before import = 0Number of asset objects unloaded after import = 6

========================================================================
Received Import Request.
  Time since last request: 11.155103 seconds.
  path: Assets/Scenes/Screens/BaseScreen.cs
  artifactKey: Guid(ad23b2bbcaf15a64595f0ef1cdb9897c) Importer(815301076,1909f56bfc062723c751e8b465ee728b)
Start importing Assets/Scenes/Screens/BaseScreen.cs using Guid(ad23b2bbcaf15a64595f0ef1cdb9897c) Importer(815301076,1909f56bfc062723c751e8b465ee728b) (PreviewImporter) -> (artifact id: '64fa2c3cc371c8cf258f41f89aa3d0bb') in 0.0005821 seconds
Number of updated asset objects reloaded before import = 0Number of asset objects unloaded after import = 0

========================================================================
Received Import Request.
  Time since last request: 39.292737 seconds.
  path: Assets/Scenes/Screens/Office/Wall.prefab
  artifactKey: Guid(fcfd04143f27f0844a2503aac211f98b) Importer(815301076,1909f56bfc062723c751e8b465ee728b)
Start importing Assets/Scenes/Screens/Office/Wall.prefab using Guid(fcfd04143f27f0844a2503aac211f98b) Importer(815301076,1909f56bfc062723c751e8b465ee728b) (PreviewImporter) -> (artifact id: '2bc82dc07cfbd128f0f4f0e6b93bd245') in 0.0014059 seconds
Number of updated asset objects reloaded before import = 0Number of asset objects unloaded after import = 5

========================================================================
Received Import Request.
  Time since last request: 2.399293 seconds.
  path: Assets/Scenes/Screens/Office/Wall.prefab
  artifactKey: Guid(fcfd04143f27f0844a2503aac211f98b) Importer(815301076,1909f56bfc062723c751e8b465ee728b)
Start importing Assets/Scenes/Screens/Office/Wall.prefab using Guid(fcfd04143f27f0844a2503aac211f98b) Importer(815301076,1909f56bfc062723c751e8b465ee728b) (PreviewImporter) -> (artifact id: 'd583c3c52e18566d9827f02a8d90f224') in 0.0031641 seconds
Number of updated asset objects reloaded before import = 0Number of asset objects unloaded after import = 6

========================================================================
Received Import Request.
  Time since last request: 24.277230 seconds.
  path: Assets/Scenes/Screens/Office/RoomManager.cs
  artifactKey: Guid(416b94b57416c234da780e2455688aee) Importer(815301076,1909f56bfc062723c751e8b465ee728b)
Start importing Assets/Scenes/Screens/Office/RoomManager.cs using Guid(416b94b57416c234da780e2455688aee) Importer(815301076,1909f56bfc062723c751e8b465ee728b) (PreviewImporter) -> (artifact id: '801084ce3b728fe192869286009adad5') in 0.0008681 seconds
Number of updated asset objects reloaded before import = 0Number of asset objects unloaded after import = 0

========================================================================
Received Import Request.
  Time since last request: 103.573316 seconds.
  path: Assets/Scenes/Screens/Office/Wall.prefab
  artifactKey: Guid(fcfd04143f27f0844a2503aac211f98b) Importer(815301076,1909f56bfc062723c751e8b465ee728b)
Start importing Assets/Scenes/Screens/Office/Wall.prefab using Guid(fcfd04143f27f0844a2503aac211f98b) Importer(815301076,1909f56bfc062723c751e8b465ee728b) (PreviewImporter) -> (artifact id: '563f82a93414d5939029f37cf6d99884') in 0.0026484 seconds
Number of updated asset objects reloaded before import = 0Number of asset objects unloaded after import = 6

========================================================================
Received Import Request.
  Time since last request: 11.947444 seconds.
  path: Assets/Scenes/Screens/Office/Wall.prefab
  artifactKey: Guid(fcfd04143f27f0844a2503aac211f98b) Importer(815301076,1909f56bfc062723c751e8b465ee728b)
Start importing Assets/Scenes/Screens/Office/Wall.prefab using Guid(fcfd04143f27f0844a2503aac211f98b) Importer(815301076,1909f56bfc062723c751e8b465ee728b) (PreviewImporter) -> (artifact id: 'b4b4305e79afd40d0d70406a7c1a5524') in 0.0017979 seconds
Number of updated asset objects reloaded before import = 0Number of asset objects unloaded after import = 6

========================================================================
Received Import Request.
  Time since last request: 3.286245 seconds.
  path: Assets/Scenes/Screens/Office/Wall.prefab
  artifactKey: Guid(fcfd04143f27f0844a2503aac211f98b) Importer(815301076,1909f56bfc062723c751e8b465ee728b)
Start importing Assets/Scenes/Screens/Office/Wall.prefab using Guid(fcfd04143f27f0844a2503aac211f98b) Importer(815301076,1909f56bfc062723c751e8b465ee728b) (PreviewImporter) -> (artifact id: '33cef1af788e1caead19723677b5c7a9') in 0.0022876 seconds
Number of updated asset objects reloaded before import = 0Number of asset objects unloaded after import = 6

========================================================================
Received Import Request.
  Time since last request: 167.351496 seconds.
  path: Assets/Scenes/Screens/Office/Wall.prefab
  artifactKey: Guid(fcfd04143f27f0844a2503aac211f98b) Importer(815301076,1909f56bfc062723c751e8b465ee728b)
Start importing Assets/Scenes/Screens/Office/Wall.prefab using Guid(fcfd04143f27f0844a2503aac211f98b) Importer(815301076,1909f56bfc062723c751e8b465ee728b) (PreviewImporter) -> (artifact id: '9862a4c418e74855bcd80524079dca09') in 0.001869 seconds
Number of updated asset objects reloaded before import = 0Number of asset objects unloaded after import = 6

========================================================================
Received Import Request.
  Time since last request: 9.839930 seconds.
  path: Assets/Scenes/Screens/Office/Wall.prefab
  artifactKey: Guid(fcfd04143f27f0844a2503aac211f98b) Importer(815301076,1909f56bfc062723c751e8b465ee728b)
Start importing Assets/Scenes/Screens/Office/Wall.prefab using Guid(fcfd04143f27f0844a2503aac211f98b) Importer(815301076,1909f56bfc062723c751e8b465ee728b) (PreviewImporter) -> (artifact id: '2aab44f146b138c15c2b7124d0ef0265') in 0.3135846 seconds
Number of updated asset objects reloaded before import = 0Number of asset objects unloaded after import = 6

========================================================================
Received Import Request.
  Time since last request: 0.242069 seconds.
  path: Assets/Scenes/Screens/Office/Wall.prefab
  artifactKey: Guid(fcfd04143f27f0844a2503aac211f98b) Importer(815301076,1909f56bfc062723c751e8b465ee728b)
Start importing Assets/Scenes/Screens/Office/Wall.prefab using Guid(fcfd04143f27f0844a2503aac211f98b) Importer(815301076,1909f56bfc062723c751e8b465ee728b) (PreviewImporter) -> (artifact id: '303464209bcf1d44e35213f445aecc11') in 0.0135804 seconds
Number of updated asset objects reloaded before import = 0Number of asset objects unloaded after import = 6

========================================================================
Received Import Request.
  Time since last request: 2.995693 seconds.
  path: Assets/Scenes/Screens/Office/Wall.prefab
  artifactKey: Guid(fcfd04143f27f0844a2503aac211f98b) Importer(815301076,1909f56bfc062723c751e8b465ee728b)
Start importing Assets/Scenes/Screens/Office/Wall.prefab using Guid(fcfd04143f27f0844a2503aac211f98b) Importer(815301076,1909f56bfc062723c751e8b465ee728b) (PreviewImporter) -> (artifact id: '74650b4019db7a925a9eedc927b46113') in 0.0135611 seconds
Number of updated asset objects reloaded before import = 0Number of asset objects unloaded after import = 8

========================================================================
Received Import Request.
  Time since last request: 0.412203 seconds.
  path: Assets/Scenes/Screens/Office/Wall.prefab
  artifactKey: Guid(fcfd04143f27f0844a2503aac211f98b) Importer(815301076,1909f56bfc062723c751e8b465ee728b)
Start importing Assets/Scenes/Screens/Office/Wall.prefab using Guid(fcfd04143f27f0844a2503aac211f98b) Importer(815301076,1909f56bfc062723c751e8b465ee728b) (PreviewImporter) -> (artifact id: '2af0ca958dcdb20a5943b6977b437e12') in 0.0127523 seconds
Number of updated asset objects reloaded before import = 0Number of asset objects unloaded after import = 8

========================================================================
Received Import Request.
  Time since last request: 0.863447 seconds.
  path: Assets/Scenes/Screens/Office/Wall.prefab
  artifactKey: Guid(fcfd04143f27f0844a2503aac211f98b) Importer(815301076,1909f56bfc062723c751e8b465ee728b)
Start importing Assets/Scenes/Screens/Office/Wall.prefab using Guid(fcfd04143f27f0844a2503aac211f98b) Importer(815301076,1909f56bfc062723c751e8b465ee728b) (PreviewImporter) -> (artifact id: '3474d09f8ba73a8437fead782068219c') in 0.0096463 seconds
Number of updated asset objects reloaded before import = 0Number of asset objects unloaded after import = 8

========================================================================
Received Import Request.
  Time since last request: 0.339578 seconds.
  path: Assets/Scenes/Screens/Office/Wall.prefab
  artifactKey: Guid(fcfd04143f27f0844a2503aac211f98b) Importer(815301076,1909f56bfc062723c751e8b465ee728b)
Start importing Assets/Scenes/Screens/Office/Wall.prefab using Guid(fcfd04143f27f0844a2503aac211f98b) Importer(815301076,1909f56bfc062723c751e8b465ee728b) (PreviewImporter) -> (artifact id: 'c6c024e8b39710783fcfeea9fcb6de66') in 0.0093463 seconds
Number of updated asset objects reloaded before import = 0Number of asset objects unloaded after import = 8

========================================================================
Received Import Request.
  Time since last request: 0.213895 seconds.
  path: Assets/Scenes/Screens/Office/Wall.prefab
  artifactKey: Guid(fcfd04143f27f0844a2503aac211f98b) Importer(815301076,1909f56bfc062723c751e8b465ee728b)
Start importing Assets/Scenes/Screens/Office/Wall.prefab using Guid(fcfd04143f27f0844a2503aac211f98b) Importer(815301076,1909f56bfc062723c751e8b465ee728b) (PreviewImporter) -> (artifact id: '8655ce7888c67502a6c818e697c68d67') in 0.0074674 seconds
Number of updated asset objects reloaded before import = 0Number of asset objects unloaded after import = 8

========================================================================
Received Import Request.
  Time since last request: 0.867646 seconds.
  path: Assets/Scenes/Screens/Office/Wall.prefab
  artifactKey: Guid(fcfd04143f27f0844a2503aac211f98b) Importer(815301076,1909f56bfc062723c751e8b465ee728b)
Start importing Assets/Scenes/Screens/Office/Wall.prefab using Guid(fcfd04143f27f0844a2503aac211f98b) Importer(815301076,1909f56bfc062723c751e8b465ee728b) (PreviewImporter) -> (artifact id: 'fc8a4cf799244cc256bad1ca3bfd8f6b') in 0.002315 seconds
Number of updated asset objects reloaded before import = 0Number of asset objects unloaded after import = 6

========================================================================
Received Import Request.
  Time since last request: 11.062864 seconds.
  path: Assets/Scenes/Screens/Office/Wall.prefab
  artifactKey: Guid(fcfd04143f27f0844a2503aac211f98b) Importer(815301076,1909f56bfc062723c751e8b465ee728b)
Start importing Assets/Scenes/Screens/Office/Wall.prefab using Guid(fcfd04143f27f0844a2503aac211f98b) Importer(815301076,1909f56bfc062723c751e8b465ee728b) (PreviewImporter) -> (artifact id: '8559fd4e56ea18624da4eb99c967e0e3') in 0.0016135 seconds
Number of updated asset objects reloaded before import = 0Number of asset objects unloaded after import = 6

========================================================================
Received Import Request.
  Time since last request: 28.817123 seconds.
  path: Assets/Scenes/Screens/Office/Wall.prefab
  artifactKey: Guid(fcfd04143f27f0844a2503aac211f98b) Importer(815301076,1909f56bfc062723c751e8b465ee728b)
Start importing Assets/Scenes/Screens/Office/Wall.prefab using Guid(fcfd04143f27f0844a2503aac211f98b) Importer(815301076,1909f56bfc062723c751e8b465ee728b) (PreviewImporter) -> (artifact id: 'ae249a8cea224e707c1feafa3669a8e4') in 0.0013784 seconds
Number of updated asset objects reloaded before import = 0Number of asset objects unloaded after import = 5

========================================================================
Received Import Request.
  Time since last request: 3.722730 seconds.
  path: Assets/Scenes/Screens/Computer/ComputerScreen.cs
  artifactKey: Guid(d6d12e619b4ac9e41b7b8ba8e60c5b7b) Importer(2089858483,192608db42251d675da83286b1cce702)
Start importing Assets/Scenes/Screens/Computer/ComputerScreen.cs using Guid(d6d12e619b4ac9e41b7b8ba8e60c5b7b) Importer(2089858483,192608db42251d675da83286b1cce702) (ScriptedImporter) -> (artifact id: '872c4d05d730faf296a4eeadadae1477') in 0.1519989 seconds
Number of updated asset objects reloaded before import = 0Number of asset objects unloaded after import = 0

========================================================================
Received Import Request.
  Time since last request: 0.000035 seconds.
  path: Assets/Images/Prototype_Character/prototype_character_red.png
  artifactKey: Guid(07154230e52d5134fb20daf4088604e1) Importer(2089858483,192608db42251d675da83286b1cce702)
Start importing Assets/Images/Prototype_Character/prototype_character_red.png using Guid(07154230e52d5134fb20daf4088604e1) Importer(2089858483,192608db42251d675da83286b1cce702) (ScriptedImporter) -> (artifact id: 'e78c8ee3c7d3eea2c2a996027b6fc025') in 0.097347 seconds
Number of updated asset objects reloaded before import = 0Number of asset objects unloaded after import = 35

========================================================================
Received Import Request.
  Time since last request: 0.000026 seconds.
  path: Assets/Scenes/Screens/ScreenManager.cs
  artifactKey: Guid(6d52103f90785e04a82c4f12c0a27e38) Importer(2089858483,192608db42251d675da83286b1cce702)
Start importing Assets/Scenes/Screens/ScreenManager.cs using Guid(6d52103f90785e04a82c4f12c0a27e38) Importer(2089858483,192608db42251d675da83286b1cce702) (ScriptedImporter) -> (artifact id: 'cea544bc17aab4fd60d3555a20184eda') in 0.0118444 seconds
Number of updated asset objects reloaded before import = 0Number of asset objects unloaded after import = 0

========================================================================
Received Import Request.
  Time since last request: 0.000018 seconds.
  path: Assets/Scenes/Screens/Office/Wall.prefab
  artifactKey: Guid(fcfd04143f27f0844a2503aac211f98b) Importer(815301076,1909f56bfc062723c751e8b465ee728b)
Start importing Assets/Scenes/Screens/Office/Wall.prefab using Guid(fcfd04143f27f0844a2503aac211f98b) Importer(815301076,1909f56bfc062723c751e8b465ee728b) (PreviewImporter) -> (artifact id: '69c4212867965364f60207e6e8756329') in 0.0098017 seconds
Number of updated asset objects reloaded before import = 0Number of asset objects unloaded after import = 8

========================================================================
Received Import Request.
  Time since last request: 0.000022 seconds.
  path: Assets/Scenes/Screens/Office/Script/PlayerController2D.cs
  artifactKey: Guid(ffb865a32f327504ca0027b3d8edb63f) Importer(2089858483,192608db42251d675da83286b1cce702)
Start importing Assets/Scenes/Screens/Office/Script/PlayerController2D.cs using Guid(ffb865a32f327504ca0027b3d8edb63f) Importer(2089858483,192608db42251d675da83286b1cce702) (ScriptedImporter) -> (artifact id: '170014b2c768135307114a4721b04a55') in 0.0110356 seconds
Number of updated asset objects reloaded before import = 0Number of asset objects unloaded after import = 0

========================================================================
Received Import Request.
  Time since last request: 0.000018 seconds.
  path: Assets/Resources
  artifactKey: Guid(35bd24489e963c049ad24f29615cffc6) Importer(2089858483,192608db42251d675da83286b1cce702)
Start importing Assets/Resources using Guid(35bd24489e963c049ad24f29615cffc6) Importer(2089858483,192608db42251d675da83286b1cce702) (ScriptedImporter) -> (artifact id: 'aabc4dca929101229685acb79c7c6c3f') in 0.0122086 seconds
Number of updated asset objects reloaded before import = 0Number of asset objects unloaded after import = 1

========================================================================
Received Import Request.
  Time since last request: 0.000021 seconds.
  path: Assets/Images/Prototype_Character/prototype_character.aseprite
  artifactKey: Guid(663062737757d0443a2a8fb48200cd3b) Importer(2089858483,192608db42251d675da83286b1cce702)
Start importing Assets/Images/Prototype_Character/prototype_character.aseprite using Guid(663062737757d0443a2a8fb48200cd3b) Importer(2089858483,192608db42251d675da83286b1cce702) (ScriptedImporter) -> (artifact id: '29cf0d5846e994a6ad6f5632d08953a2') in 0.0745608 seconds
Number of updated asset objects reloaded before import = 0Number of asset objects unloaded after import = 15

========================================================================
Received Import Request.
  Time since last request: 0.000043 seconds.
  path: Assets/Scenes/Screens/Office/Script/ClickHandler.cs
  artifactKey: Guid(27985602cfb50de4894b4c7089c29273) Importer(2089858483,192608db42251d675da83286b1cce702)
Start importing Assets/Scenes/Screens/Office/Script/ClickHandler.cs using Guid(27985602cfb50de4894b4c7089c29273) Importer(2089858483,192608db42251d675da83286b1cce702) (ScriptedImporter) -> (artifact id: '948fceb8b66c855d3db6662d1ba70e78') in 0.0106108 seconds
Number of updated asset objects reloaded before import = 0Number of asset objects unloaded after import = 0

========================================================================
Received Import Request.
  Time since last request: 0.000021 seconds.
  path: Assets/Scenes/Screens/Office/RoomBase.cs
  artifactKey: Guid(6ba4aabee25f3e548bffe2513058db1a) Importer(2089858483,192608db42251d675da83286b1cce702)
Start importing Assets/Scenes/Screens/Office/RoomBase.cs using Guid(6ba4aabee25f3e548bffe2513058db1a) Importer(2089858483,192608db42251d675da83286b1cce702) (ScriptedImporter) -> (artifact id: '0b65dc63adab6cb11e3a2e0d74ed6c40') in 0.0110616 seconds
Number of updated asset objects reloaded before import = 0Number of asset objects unloaded after import = 0

========================================================================
Received Import Request.
  Time since last request: 0.000025 seconds.
  path: Assets/Images/Prototype_Character/prototype_character_shadow.png
  artifactKey: Guid(0a3d5c1d8842c144686670d72d62c316) Importer(2089858483,192608db42251d675da83286b1cce702)
Start importing Assets/Images/Prototype_Character/prototype_character_shadow.png using Guid(0a3d5c1d8842c144686670d72d62c316) Importer(2089858483,192608db42251d675da83286b1cce702) (ScriptedImporter) -> (artifact id: '872d3990044769a3b09abba6c4b61026') in 0.0420741 seconds
Number of updated asset objects reloaded before import = 0Number of asset objects unloaded after import = 35

========================================================================
Received Prepare
Begin MonoManager ReloadAssembly
[Licensing::Client] Successfully resolved entitlement details
- Loaded All Assemblies, in  1.136 seconds
Refreshing native plugins compatible for Editor in 3.48 ms, found 5 plugins.
Native extension for WindowsStandalone target not found
Native extension for WebGL target not found
[Package Manager] Failed to launch server process. Reason: Unity was launched with the -noUpm command-line argument
[Package Manager] Unable to send message (not connected to server process).
[Package Manager] Cannot connect to Unity Package Manager local server
Mono: successfully reloaded assembly
- Finished resetting the current domain, in  0.740 seconds
Domain Reload Profiling: 1849ms
	BeginReloadAssembly (348ms)
		ExecutionOrderSort (0ms)
		DisableScriptedObjects (21ms)
		BackupInstance (0ms)
		ReleaseScriptingObjects (0ms)
		CreateAndSetChildDomain (50ms)
	RebuildCommonClasses (29ms)
	RebuildNativeTypeToScriptingClass (9ms)
	initialDomainReloadingComplete (48ms)
	LoadAllAssembliesAndSetupDomain (675ms)
		LoadAssemblies (663ms)
		RebuildTransferFunctionScriptingTraits (0ms)
		AnalyzeDomain (212ms)
			TypeCache.Refresh (14ms)
				TypeCache.ScanAssembly (0ms)
			BuildScriptInfoCaches (181ms)
			ResolveRequiredComponents (12ms)
	FinalizeReload (740ms)
		ReleaseScriptCaches (0ms)
		RebuildScriptCaches (0ms)
		SetupLoadedEditorAssemblies (569ms)
			LogAssemblyErrors (0ms)
			InitializePlatformSupportModulesInManaged (3ms)
			SetLoadedEditorAssemblies (6ms)
			BeforeProcessingInitializeOnLoad (179ms)
			ProcessInitializeOnLoadAttributes (312ms)
			ProcessInitializeOnLoadMethodAttributes (50ms)
			AfterProcessingInitializeOnLoad (18ms)
			EditorAssembliesLoaded (0ms)
		ExecutionOrderSort2 (0ms)
		AwakeInstancesAfterBackupRestoration (14ms)
Refreshing native plugins compatible for Editor in 2.61 ms, found 5 plugins.
Preloading 1 native plugins for Editor in 0.09 ms.
Unloading 36 Unused Serialized files (Serialized files now loaded: 0)
Unloading 6776 unused Assets / (6.7 MB). Loaded Objects now: 7481.
Memory consumption went from 160.0 MB to 153.2 MB.
Total: 6.882300 ms (FindLiveObjects: 0.544100 ms CreateObjectMapping: 0.326800 ms MarkObjects: 3.632000 ms  DeleteObjects: 2.378700 ms)

Prepare: number of updated asset objects reloaded= 0
========================================================================
Received Prepare
Begin MonoManager ReloadAssembly
- Loaded All Assemblies, in  1.001 seconds
Refreshing native plugins compatible for Editor in 2.75 ms, found 5 plugins.
Native extension for WindowsStandalone target not found
Native extension for WebGL target not found
[Package Manager] Failed to launch server process. Reason: Unity was launched with the -noUpm command-line argument
[Package Manager] Unable to send message (not connected to server process).
[Package Manager] Cannot connect to Unity Package Manager local server
Mono: successfully reloaded assembly
- Finished resetting the current domain, in  0.732 seconds
Domain Reload Profiling: 1708ms
	BeginReloadAssembly (332ms)
		ExecutionOrderSort (0ms)
		DisableScriptedObjects (10ms)
		BackupInstance (0ms)
		ReleaseScriptingObjects (0ms)
		CreateAndSetChildDomain (39ms)
	RebuildCommonClasses (26ms)
	RebuildNativeTypeToScriptingClass (8ms)
	initialDomainReloadingComplete (39ms)
	LoadAllAssembliesAndSetupDomain (571ms)
		LoadAssemblies (584ms)
		RebuildTransferFunctionScriptingTraits (0ms)
		AnalyzeDomain (192ms)
			TypeCache.Refresh (7ms)
				TypeCache.ScanAssembly (0ms)
			BuildScriptInfoCaches (173ms)
			ResolveRequiredComponents (8ms)
	FinalizeReload (732ms)
		ReleaseScriptCaches (0ms)
		RebuildScriptCaches (0ms)
		SetupLoadedEditorAssemblies (571ms)
			LogAssemblyErrors (0ms)
			InitializePlatformSupportModulesInManaged (3ms)
			SetLoadedEditorAssemblies (5ms)
			BeforeProcessingInitializeOnLoad (175ms)
			ProcessInitializeOnLoadAttributes (324ms)
			ProcessInitializeOnLoadMethodAttributes (50ms)
			AfterProcessingInitializeOnLoad (13ms)
			EditorAssembliesLoaded (0ms)
		ExecutionOrderSort2 (0ms)
		AwakeInstancesAfterBackupRestoration (13ms)
Refreshing native plugins compatible for Editor in 2.67 ms, found 5 plugins.
Preloading 1 native plugins for Editor in 0.09 ms.
Unloading 36 Unused Serialized files (Serialized files now loaded: 0)
Unloading 6772 unused Assets / (6.5 MB). Loaded Objects now: 7483.
Memory consumption went from 161.3 MB to 154.8 MB.
Total: 6.157600 ms (FindLiveObjects: 0.457300 ms CreateObjectMapping: 0.289000 ms MarkObjects: 3.165800 ms  DeleteObjects: 2.244800 ms)

Prepare: number of updated asset objects reloaded= 0
Editor requested this worker to shutdown with reason: Scaling down because of idle timeout
AssetImportWorker is now disconnected from the server
Process exiting
Exiting without the bug reporter. Application will terminate with return code 0